c:\users\yann fauquembergue\source\repos\yannfauquembergue\gestionabri\administratorapp\administratorapp\x64\debug\qt\uic\ui_administratorapp.h
c:\users\yann fauquembergue\source\repos\yannfauquembergue\gestionabri\administratorapp\administratorapp\x64\debug\qt\rcc\qrc_administratorapp.cpp
c:\users\yann fauquembergue\source\repos\yannfauquembergue\gestionabri\administratorapp\administratorapp\x64\debug\qt\moc\moc_administratorapp.cpp
c:\users\yann fauquembergue\source\repos\yannfauquembergue\gestionabri\administratorapp\administratorapp\x64\debug\vc143.pdb
c:\users\yann fauquembergue\source\repos\yannfauquembergue\gestionabri\administratorapp\administratorapp\x64\debug\vc143.idb
c:\users\yann fauquembergue\source\repos\yannfauquembergue\gestionabri\administratorapp\administratorapp\x64\debug\qrc_administratorapp.obj
c:\users\yann fauquembergue\source\repos\yannfauquembergue\gestionabri\administratorapp\administratorapp\x64\debug\main.obj
c:\users\yann fauquembergue\source\repos\yannfauquembergue\gestionabri\administratorapp\administratorapp\x64\debug\administratorapp.obj
c:\users\yann fauquembergue\source\repos\yannfauquembergue\gestionabri\administratorapp\administratorapp\x64\debug\moc_administratorapp.obj
c:\users\yann fauquembergue\source\repos\yannfauquembergue\gestionabri\administratorapp\x64\debug\administratorapp.exe
c:\users\yann fauquembergue\source\repos\yannfauquembergue\gestionabri\administratorapp\x64\debug\administratorapp.pdb
c:\users\yann fauquembergue\source\repos\yannfauquembergue\gestionabri\administratorapp\administratorapp\x64\debug\administratorapp.ilk
c:\users\yann fauquembergue\source\repos\yannfauquembergue\gestionabri\administratorapp\administratorapp\x64\debug\administratorapp.tlog\administratorapp.write.1u.tlog
c:\users\yann fauquembergue\source\repos\yannfauquembergue\gestionabri\administratorapp\administratorapp\x64\debug\administratorapp.tlog\cl.command.1.tlog
c:\users\yann fauquembergue\source\repos\yannfauquembergue\gestionabri\administratorapp\administratorapp\x64\debug\administratorapp.tlog\cl.items.tlog
c:\users\yann fauquembergue\source\repos\yannfauquembergue\gestionabri\administratorapp\administratorapp\x64\debug\administratorapp.tlog\cl.read.1.tlog
c:\users\yann fauquembergue\source\repos\yannfauquembergue\gestionabri\administratorapp\administratorapp\x64\debug\administratorapp.tlog\cl.write.1.tlog
c:\users\yann fauquembergue\source\repos\yannfauquembergue\gestionabri\administratorapp\administratorapp\x64\debug\administratorapp.tlog\link.command.1.tlog
c:\users\yann fauquembergue\source\repos\yannfauquembergue\gestionabri\administratorapp\administratorapp\x64\debug\administratorapp.tlog\link.read.1.tlog
c:\users\yann fauquembergue\source\repos\yannfauquembergue\gestionabri\administratorapp\administratorapp\x64\debug\administratorapp.tlog\link.secondary.1.tlog
c:\users\yann fauquembergue\source\repos\yannfauquembergue\gestionabri\administratorapp\administratorapp\x64\debug\administratorapp.tlog\link.write.1.tlog
c:\users\yann fauquembergue\source\repos\yannfauquembergue\gestionabri\administratorapp\administratorapp\x64\debug\administratorapp.tlog\moc.read.1u.tlog
c:\users\yann fauquembergue\source\repos\yannfauquembergue\gestionabri\administratorapp\administratorapp\x64\debug\administratorapp.tlog\moc.write.1u.tlog
c:\users\yann fauquembergue\source\repos\yannfauquembergue\gestionabri\administratorapp\administratorapp\x64\debug\administratorapp.tlog\rcc.read.1u.tlog
c:\users\yann fauquembergue\source\repos\yannfauquembergue\gestionabri\administratorapp\administratorapp\x64\debug\administratorapp.tlog\rcc.write.1u.tlog
c:\users\yann fauquembergue\source\repos\yannfauquembergue\gestionabri\administratorapp\administratorapp\x64\debug\administratorapp.tlog\uic.read.1u.tlog
c:\users\yann fauquembergue\source\repos\yannfauquembergue\gestionabri\administratorapp\administratorapp\x64\debug\administratorapp.tlog\uic.write.1u.tlog
